2019-06-04 22:41:50,547 DEBUG Received broadcast message: Testing headers?
2019-06-04 22:42:26,379 DEBUG Received broadcast message: Test?
2019-06-04 22:47:26,719 DEBUG Received broadcast message: Testing headers?
2019-06-04 22:48:08,086 DEBUG Received broadcast message: Testing headers?
2019-06-05 18:22:47,424 DEBUG Received broadcast message: Test to all soz
2019-06-05 18:46:26,762 DEBUG Received broadcast message: Test to all soz
2019-06-05 18:50:42,687 DEBUG Received broadcast message: test2
2019-06-05 18:52:01,793 DEBUG Received broadcast message: testestsetestest:guess who just spent two days on js
2019-06-05 18:53:58,154 DEBUG Received broadcast message: hi josiah
2019-06-05 19:19:46,738 DEBUG Reporting jall229
2019-06-05 19:20:16,845 DEBUG Reporting jall229
2019-06-05 19:20:46,728 DEBUG Reporting jall229
2019-06-05 19:21:17,570 DEBUG Reporting jall229
2019-06-05 19:21:46,725 DEBUG Reporting jall229
2019-06-05 19:21:59,322 DEBUG Received broadcast message: test
2019-06-05 19:22:16,906 DEBUG Reporting jall229
2019-06-05 19:22:46,776 DEBUG Reporting jall229
2019-06-05 19:23:17,166 DEBUG Reporting jall229
2019-06-05 19:23:46,767 DEBUG None
2019-06-05 19:23:46,769 DEBUG Reporting jall229
2019-06-05 19:24:16,867 DEBUG None
2019-06-05 19:24:16,868 DEBUG Reporting jall229
2019-06-05 19:25:16,873 DEBUG {'request': 'report'}
2019-06-05 19:25:16,874 DEBUG Reporting jall229
2019-06-05 19:25:46,768 DEBUG {'request': 'report'}
2019-06-05 19:25:46,768 DEBUG Reporting jall229
2019-06-05 19:26:16,770 DEBUG {'request': 'report'}
2019-06-05 19:26:16,771 DEBUG Reporting jall229
2019-06-05 19:26:46,810 DEBUG Request: {'request': 'report'} from: jall229
2019-06-05 19:26:46,810 DEBUG Reporting jall229
2019-06-05 19:27:16,768 DEBUG Request: {'request': 'report'} from: jall229
2019-06-05 19:27:16,769 DEBUG Reporting jall229
2019-06-05 19:27:46,894 DEBUG Request: {'request': 'report'} from: jall229
2019-06-05 19:27:46,894 DEBUG Reporting jall229
2019-06-05 19:28:16,689 DEBUG Request: {'request': 'report'} from: jall229
2019-06-05 19:28:16,689 DEBUG Reporting jall229
2019-06-05 19:28:56,745 DEBUG Request: {'request': 'report'} from: jall229
2019-06-05 19:28:56,745 DEBUG Reporting jall229
2019-06-05 19:29:26,189 DEBUG Received broadcast message: test
2019-06-05 19:29:31,858 DEBUG Request: {'request': 'report'} from: jall229
2019-06-05 19:29:31,859 DEBUG Reporting jall229
2019-06-05 19:29:41,275 DEBUG Request: {'request': 'report'} from: jall229
2019-06-05 19:29:41,275 DEBUG Reporting jall229
2019-06-05 19:30:06,755 DEBUG Request: {'request': 'report'} from: jall229
2019-06-05 19:30:06,755 DEBUG Reporting jall229
2019-06-05 19:30:16,436 DEBUG Request: {'request': 'report'} from: jall229
2019-06-05 19:30:16,437 DEBUG Reporting jall229
2019-06-05 19:30:41,776 DEBUG Request: {'request': 'report'} from: jall229
2019-06-05 19:30:41,776 DEBUG Reporting jall229
2019-06-05 19:30:51,315 DEBUG Request: {'request': 'report'} from: jall229
2019-06-05 19:30:51,316 DEBUG Reporting jall229
2019-06-05 19:31:45,979 DEBUG Request: {'request': 'report'} from: jall229
2019-06-05 19:31:45,979 DEBUG Reporting jall229
2019-06-05 19:32:05,508 DEBUG Received broadcast message: Test to all
2019-06-05 19:32:20,916 DEBUG Request: {'request': 'report'} from: jall229
2019-06-05 19:32:20,917 DEBUG Reporting jall229
2019-06-05 19:32:56,757 DEBUG Request: {'request': 'report'} from: jall229
2019-06-05 19:32:56,757 DEBUG Reporting jall229
2019-06-05 19:33:31,843 DEBUG Request: {'request': 'report'} from: jall229
2019-06-05 19:33:31,843 DEBUG Reporting jall229
2019-06-05 19:34:06,975 DEBUG Request: {'request': 'report'} from: jall229
2019-06-05 19:34:06,975 DEBUG Reporting jall229
2019-06-05 19:34:41,831 DEBUG Request: {'request': 'report'} from: jall229
2019-06-05 19:34:41,832 DEBUG Reporting jall229
2019-06-05 19:35:16,868 DEBUG Request: {'request': 'report'} from: jall229
2019-06-05 19:35:16,868 DEBUG Reporting jall229
2019-06-05 19:35:51,864 DEBUG Request: {'request': 'report'} from: jall229
2019-06-05 19:35:51,864 DEBUG Reporting jall229
2019-06-05 19:36:26,625 DEBUG Request: {'request': 'report'} from: jall229
2019-06-05 19:36:26,625 DEBUG Reporting jall229
2019-06-05 19:37:01,861 DEBUG Request: {'request': 'report'} from: jall229
2019-06-05 19:37:01,861 DEBUG Reporting jall229
2019-06-05 19:37:36,943 DEBUG Request: {'request': 'report'} from: jall229
2019-06-05 19:37:36,943 DEBUG Reporting jall229
2019-06-05 19:38:11,825 DEBUG Request: {'request': 'report'} from: jall229
2019-06-05 19:38:11,825 DEBUG Reporting jall229
2019-06-05 19:38:14,258 DEBUG Request: {'request': 'report'} from: jall229
2019-06-05 19:38:14,258 DEBUG Reporting jall229
2019-06-05 19:38:46,926 DEBUG Request: {'request': 'report'} from: jall229
2019-06-05 19:38:46,926 DEBUG Reporting jall229
2019-06-05 19:38:49,257 DEBUG Request: {'request': 'report'} from: jall229
2019-06-05 19:38:49,257 DEBUG Reporting jall229
2019-06-05 19:39:21,756 DEBUG Request: {'request': 'report'} from: jall229
2019-06-05 19:39:21,757 DEBUG Reporting jall229
2019-06-05 19:39:24,265 DEBUG Request: {'request': 'report'} from: jall229
2019-06-05 19:39:24,265 DEBUG Reporting jall229
2019-06-05 19:39:57,024 DEBUG Request: {'request': 'report'} from: jall229
2019-06-05 19:39:57,024 DEBUG Reporting jall229
2019-06-05 19:39:59,260 DEBUG Request: {'request': 'report'} from: jall229
2019-06-05 19:39:59,260 DEBUG Reporting jall229
2019-06-05 19:40:31,819 DEBUG Request: {'request': 'report'} from: jall229
2019-06-05 19:40:31,819 DEBUG Reporting jall229
2019-06-05 19:40:34,264 DEBUG Request: {'request': 'report'} from: jall229
2019-06-05 19:40:34,264 DEBUG Reporting jall229
2019-06-05 19:41:06,924 DEBUG Request: {'request': 'report'} from: jall229
2019-06-05 19:41:06,925 DEBUG Reporting jall229
2019-06-05 19:41:09,263 DEBUG Request: {'request': 'report'} from: jall229
2019-06-05 19:41:09,263 DEBUG Reporting jall229
2019-06-05 19:41:41,847 DEBUG Request: {'request': 'report'} from: jall229
2019-06-05 19:41:41,848 DEBUG Reporting jall229
2019-06-05 19:42:17,206 DEBUG Request: {'request': 'report'} from: jall229
2019-06-05 19:42:17,206 DEBUG Reporting jall229
2019-06-05 19:42:51,991 DEBUG Request: {'request': 'report'} from: jall229
2019-06-05 19:42:51,992 DEBUG Reporting jall229
2019-06-05 19:43:26,959 DEBUG Request: {'request': 'report'} from: jall229
2019-06-05 19:43:27,955 DEBUG Reporting jall229
2019-06-05 19:44:02,120 DEBUG Request: {'request': 'report'} from: jall229
2019-06-05 19:44:03,007 DEBUG Failed
2019-06-05 19:44:36,949 DEBUG Request: {'request': 'report'} from: jall229
2019-06-05 19:44:38,153 DEBUG Failed
2019-06-05 19:45:11,456 DEBUG Request: {'request': 'report'} from: jall229
2019-06-05 19:45:12,329 DEBUG Failed
2019-06-05 19:46:02,968 DEBUG Request: {'request': 'report'} from: jall229
2019-06-05 19:46:04,319 DEBUG Failed
2019-06-05 19:46:37,788 DEBUG Request: {'request': 'report'} from: jall229
2019-06-05 19:46:38,754 DEBUG Failed
2019-06-05 19:47:13,231 DEBUG Request: {'request': 'report'} from: jall229
2019-06-05 19:47:14,159 DEBUG Failed
2019-06-05 19:47:47,837 DEBUG Request: {'request': 'report'} from: jall229
2019-06-05 19:47:49,065 DEBUG Failed
2019-06-05 19:48:22,855 DEBUG Request: {'request': 'report'} from: jall229
2019-06-05 19:48:24,046 DEBUG Failed
2019-06-05 19:48:57,982 DEBUG Request: {'request': 'report'} from: jall229
2019-06-05 19:48:59,023 DEBUG Failed
2019-06-05 19:51:16,195 DEBUG Request: {'request': 'report'} from: jall229
2019-06-05 19:51:17,162 DEBUG Failed
2019-06-05 19:52:37,194 DEBUG Request: {'request': 'report'} from: Jall229
2019-06-05 19:52:38,261 DEBUG Reporting Jall229: status sucess
2019-06-05 19:53:35,872 DEBUG Request: {'request': 'report'} from: Jall229
2019-06-05 19:53:36,904 DEBUG Reporting Jall229: status sucess
2019-06-05 19:54:10,997 DEBUG Request: {'request': 'report'} from: Jall229
2019-06-05 19:54:11,906 DEBUG Failed
2019-06-05 19:54:25,537 DEBUG Request: {'request': 'report'} from: Jall229
2019-06-05 19:54:26,577 DEBUG Reporting Jall229: status sucess
2019-06-05 19:54:45,928 DEBUG Request: {'request': 'report'} from: Jall229
2019-06-05 19:54:46,813 DEBUG Failed
2019-06-05 19:55:00,654 DEBUG Request: {'request': 'report'} from: Jall229
2019-06-05 19:55:01,629 DEBUG Reporting Jall229: status sucess
2019-06-05 20:15:03,235 DEBUG Request: {'request': 'report'} from: Jall229
2019-06-05 20:15:04,329 DEBUG Reporting Jall229: status sucess
2019-06-05 20:15:38,412 DEBUG Request: {'request': 'report'} from: Jall229
2019-06-05 20:15:39,287 DEBUG Failed
2019-06-05 20:15:56,091 DEBUG Request: {'request': 'report'} from: Jall229
2019-06-05 20:15:57,272 DEBUG Reporting Jall229: status sucess
2019-06-05 20:16:13,250 DEBUG Request: {'request': 'report'} from: None
2019-06-05 20:16:14,056 DEBUG Failed
2019-06-05 20:16:31,310 DEBUG Request: {'request': 'report'} from: Jall229
2019-06-05 20:16:32,498 DEBUG Reporting Jall229: status sucess
2019-06-05 20:16:48,212 DEBUG Request: {'request': 'report'} from: None
2019-06-05 20:16:49,019 DEBUG Failed
2019-06-05 20:17:06,039 DEBUG Request: {'request': 'report'} from: Jall229
2019-06-05 20:17:07,216 DEBUG Reporting Jall229: status sucess
2019-06-05 20:17:23,256 DEBUG Request: {'request': 'report'} from: None
2019-06-05 20:17:24,229 DEBUG Failed
2019-06-05 20:17:41,245 DEBUG Request: {'request': 'report'} from: Jall229
2019-06-05 20:17:42,256 DEBUG Reporting Jall229: status sucess
2019-06-05 20:17:58,264 DEBUG Request: {'request': 'report'} from: None
2019-06-05 20:17:59,084 DEBUG Failed
2019-06-05 20:18:16,051 DEBUG Request: {'request': 'report'} from: Jall229
2019-06-05 20:18:17,074 DEBUG Reporting Jall229: status sucess
2019-06-05 20:18:33,366 DEBUG Request: {'request': 'report'} from: None
2019-06-05 20:18:34,191 DEBUG Failed
2019-06-05 20:18:50,921 DEBUG Request: {'request': 'report'} from: Jall229
2019-06-05 20:18:51,958 DEBUG Reporting Jall229: status sucess
2019-06-05 20:19:08,421 DEBUG Request: {'request': 'report'} from: None
2019-06-05 20:19:09,590 DEBUG Failed
2019-06-05 20:19:43,235 DEBUG Request: {'request': 'report'} from: None
2019-06-05 20:19:44,301 DEBUG Failed
2019-06-05 20:20:01,008 DEBUG Request: {'request': 'report'} from: Jall229
2019-06-05 20:20:06,317 DEBUG Reporting Jall229: status sucess
2019-06-05 20:20:18,300 DEBUG Request: {'request': 'report'} from: None
2019-06-05 20:20:19,523 DEBUG Failed
2019-06-05 20:20:35,984 DEBUG Request: {'request': 'report'} from: Jall229
2019-06-05 20:20:37,010 DEBUG Reporting Jall229: status sucess
2019-06-05 20:20:53,895 DEBUG Request: {'request': 'report'} from: None
2019-06-05 20:20:54,959 DEBUG Failed
2019-06-05 20:21:11,000 DEBUG Request: {'request': 'report'} from: Jall229
2019-06-05 20:21:13,389 DEBUG Reporting Jall229: status sucess
2019-06-05 20:21:28,510 DEBUG Request: {'request': 'report'} from: None
2019-06-05 20:21:29,379 DEBUG Failed
2019-06-05 20:21:46,119 DEBUG Request: {'request': 'report'} from: Jall229
2019-06-05 20:21:47,149 DEBUG Reporting Jall229: status sucess
2019-06-05 20:22:03,937 DEBUG Request: {'request': 'report'} from: None
2019-06-05 20:22:04,897 DEBUG Failed
2019-06-05 20:22:20,946 DEBUG Request: {'request': 'report'} from: Jall229
2019-06-05 20:22:22,716 DEBUG Reporting Jall229: status sucess
2019-06-05 20:22:38,951 DEBUG Request: {'request': 'report'} from: None
2019-06-05 20:22:39,768 DEBUG Failed
2019-06-05 20:22:55,975 DEBUG Request: {'request': 'report'} from: Jall229
2019-06-05 20:22:57,531 DEBUG Reporting Jall229: status sucess
2019-06-05 20:23:13,873 DEBUG Request: {'request': 'report'} from: None
2019-06-05 20:23:14,692 DEBUG Failed
2019-06-05 20:23:30,975 DEBUG Request: {'request': 'report'} from: Jall229
2019-06-05 20:23:32,142 DEBUG Reporting Jall229: status sucess
2019-06-05 20:23:48,779 DEBUG Request: {'request': 'report'} from: None
2019-06-05 20:23:49,653 DEBUG Failed
2019-06-05 20:24:06,011 DEBUG Request: {'request': 'report'} from: Jall229
2019-06-05 20:24:07,163 DEBUG Reporting Jall229: status sucess
2019-06-05 20:24:24,000 DEBUG Request: {'request': 'report'} from: None
2019-06-05 20:24:25,185 DEBUG Failed
2019-06-05 20:24:41,144 DEBUG Request: {'request': 'report'} from: Jall229
2019-06-05 20:24:42,153 DEBUG Reporting Jall229: status sucess
2019-06-05 20:24:58,829 DEBUG Request: {'request': 'report'} from: None
2019-06-05 20:25:00,000 DEBUG Failed
2019-06-05 20:25:15,941 DEBUG Request: {'request': 'report'} from: Jall229
2019-06-05 20:25:17,100 DEBUG Reporting Jall229: status sucess
2019-06-05 20:25:50,999 DEBUG Request: {'request': 'report'} from: Jall229
2019-06-05 20:25:52,150 DEBUG Reporting Jall229: status sucess
2019-06-05 20:26:26,042 DEBUG Request: {'request': 'report'} from: Jall229
2019-06-05 20:26:27,149 DEBUG Reporting Jall229: status sucess
2019-06-05 20:27:01,397 DEBUG Request: {'request': 'report'} from: Jall229
2019-06-05 20:27:02,545 DEBUG Reporting Jall229: status sucess
2019-06-05 20:27:36,086 DEBUG Request: {'request': 'report'} from: Jall229
2019-06-05 20:27:37,252 DEBUG Reporting Jall229: status sucess
2019-06-05 20:28:11,364 DEBUG Request: {'request': 'report'} from: Jall229
2019-06-05 20:28:12,926 DEBUG Reporting Jall229: status sucess
2019-06-05 20:29:42,882 DEBUG Request: {'request': 'report'} from: Jall229
2019-06-05 20:29:43,851 DEBUG Reporting Jall229: status sucess
2019-06-05 20:30:17,837 DEBUG Request: {'request': 'report'} from: Jall229
2019-06-05 20:30:18,843 DEBUG Reporting Jall229: status sucess
2019-06-05 20:30:52,790 DEBUG Request: {'request': 'report'} from: Jall229
2019-06-05 20:30:53,769 DEBUG Reporting Jall229: status sucess
2019-06-05 20:31:27,990 DEBUG Request: {'request': 'report'} from: Jall229
2019-06-05 20:31:28,987 DEBUG Reporting Jall229: status sucess
2019-06-05 20:32:02,894 DEBUG Request: {'request': 'report'} from: Jall229
2019-06-05 20:32:03,907 DEBUG Reporting Jall229: status sucess
2019-06-05 20:32:38,109 DEBUG Request: {'request': 'report'} from: Jall229
2019-06-05 20:32:39,026 DEBUG Failed
2019-06-05 20:33:01,162 DEBUG Request: {'request': 'report'} from: Jall229
2019-06-05 20:33:02,115 DEBUG Reporting Jall229: status sucess
2019-06-05 20:33:36,159 DEBUG Request: {'request': 'report'} from: Jall229
2019-06-05 20:33:37,146 DEBUG Reporting Jall229: status sucess
2019-06-05 20:34:11,074 DEBUG Request: {'request': 'report'} from: Jall229
2019-06-05 20:34:12,077 DEBUG Reporting Jall229: status sucess
2019-06-05 20:34:46,105 DEBUG Request: {'request': 'report'} from: Jall229
2019-06-05 20:34:47,381 DEBUG Reporting Jall229: status sucess
2019-06-05 20:35:21,062 DEBUG Request: {'request': 'report'} from: Jall229
2019-06-05 20:35:23,013 DEBUG Reporting Jall229: status sucess
2019-06-05 20:35:56,019 DEBUG Request: {'request': 'report'} from: Jall229
2019-06-05 20:35:57,025 DEBUG Reporting Jall229: status sucess
2019-06-05 20:36:31,272 DEBUG Request: {'request': 'report'} from: Jall229
2019-06-05 20:36:32,251 DEBUG Reporting Jall229: status sucess
2019-06-05 20:37:06,493 DEBUG Request: {'request': 'report'} from: Jall229
2019-06-05 20:37:07,487 DEBUG Reporting Jall229: status sucess
2019-06-05 20:38:16,297 DEBUG Request: {'request': 'report'} from: Jall229
2019-06-05 20:38:17,530 DEBUG Reporting Jall229: status sucess
2019-06-05 20:38:51,058 DEBUG Request: {'request': 'report'} from: Jall229
2019-06-05 20:38:51,917 DEBUG Failed
2019-06-05 20:39:27,355 DEBUG Request: {'request': 'report'} from: None
2019-06-05 20:39:27,967 DEBUG Request: {'request': 'report'} from: Jall229
2019-06-05 20:39:28,519 DEBUG Failed
2019-06-05 20:39:28,933 DEBUG Reporting Jall229: status sucess
2019-06-05 20:42:58,126 DEBUG Request: {'request': 'report'} from: Jall229
2019-06-05 20:42:59,121 DEBUG Reporting Jall229: status sucess
2019-06-05 20:43:36,089 DEBUG Received broadcast message: Test Robustness Again 
from TZ
2019-06-05 20:43:37,181 DEBUG Request: {'request': 'report'} from: Jall229
2019-06-05 20:43:38,831 DEBUG Reporting Jall229: status sucess
2019-06-05 20:43:47,247 DEBUG Received broadcast message: test
2019-06-05 20:44:04,953 DEBUG Received broadcast message: 
2019-06-05 20:44:12,160 DEBUG Request: {'request': 'report'} from: Jall229
2019-06-05 20:44:13,341 DEBUG Reporting Jall229: status sucess
2019-06-05 20:44:47,178 DEBUG Request: {'request': 'report'} from: Jall229
2019-06-05 20:44:48,416 DEBUG Reporting Jall229: status sucess
2019-06-05 20:45:22,199 DEBUG Request: {'request': 'report'} from: Jall229
2019-06-05 20:45:23,074 DEBUG Failed
2019-06-05 20:45:41,658 DEBUG Request: {'request': 'report'} from: Jall229
2019-06-05 20:45:42,936 DEBUG Reporting Jall229: status sucess
2019-06-05 20:45:57,128 DEBUG Request: {'request': 'report'} from: None
2019-06-05 20:45:58,297 DEBUG Failed
2019-06-05 20:48:36,749 DEBUG Request: {'request': 'report'} from: Jall229
2019-06-05 20:48:38,857 DEBUG Reporting Jall229: status sucess
2019-06-05 20:48:52,263 DEBUG Request: {'request': 'report'} from: None
2019-06-05 20:48:54,012 DEBUG Failed
2019-06-05 20:49:11,865 DEBUG Request: {'request': 'report'} from: Jall229
2019-06-05 20:49:13,263 DEBUG Reporting Jall229: status sucess
2019-06-05 20:49:42,882 DEBUG Received broadcast message: test
2019-06-05 20:49:48,662 DEBUG Request: {'request': 'report'} from: Jall229
2019-06-05 20:49:50,020 DEBUG Reporting Jall229: status sucess
2019-06-05 20:50:29,538 DEBUG Request: {'request': 'report'} from: Jall229
2019-06-05 20:50:30,739 DEBUG Reporting Jall229: status sucess
2019-06-05 20:50:58,787 DEBUG Request: {'request': 'report'} from: Jall229
2019-06-05 20:50:59,820 DEBUG Reporting Jall229: status sucess
2019-06-05 20:51:31,987 DEBUG Request: {'request': 'report'} from: Jall229
2019-06-05 20:51:32,887 DEBUG Failed
2019-06-05 20:51:49,266 DEBUG Request: {'request': 'report'} from: Jall229
2019-06-05 20:51:50,494 DEBUG Reporting Jall229: status sucess
2019-06-05 20:52:06,659 DEBUG Request: {'request': 'report'} from: None
2019-06-05 20:52:07,642 DEBUG Failed
2019-06-05 20:52:24,189 DEBUG Request: {'request': 'report'} from: Jall229
2019-06-05 20:52:25,978 DEBUG Reporting Jall229: status sucess
2019-06-05 20:52:42,004 DEBUG Request: {'request': 'report'} from: None
2019-06-05 20:52:42,798 DEBUG Failed
2019-06-05 20:52:59,304 DEBUG Request: {'request': 'report'} from: Jall229
2019-06-05 20:53:00,675 DEBUG Reporting Jall229: status sucess
2019-06-05 20:53:16,804 DEBUG Request: {'request': 'report'} from: None
2019-06-05 20:53:17,890 DEBUG Failed
2019-06-05 20:53:34,443 DEBUG Request: {'request': 'report'} from: Jall229
2019-06-05 20:53:36,117 DEBUG Reporting Jall229: status sucess
2019-06-05 20:54:09,463 DEBUG Request: {'request': 'report'} from: Jall229
2019-06-05 20:54:10,625 DEBUG Reporting Jall229: status sucess
2019-06-05 20:54:44,162 DEBUG Request: {'request': 'report'} from: Jall229
2019-06-05 20:54:45,244 DEBUG Reporting Jall229: status sucess
2019-06-05 20:55:19,182 DEBUG Request: {'request': 'report'} from: Jall229
2019-06-05 20:55:20,359 DEBUG Reporting Jall229: status sucess
2019-06-05 20:55:54,334 DEBUG Request: {'request': 'report'} from: Jall229
2019-06-05 20:55:55,572 DEBUG Reporting Jall229: status sucess
2019-06-05 20:56:29,162 DEBUG Request: {'request': 'report'} from: Jall229
2019-06-05 20:56:30,469 DEBUG Reporting Jall229: status sucess
2019-06-05 20:57:04,141 DEBUG Request: {'request': 'report'} from: Jall229
2019-06-05 20:57:05,175 DEBUG Reporting Jall229: status sucess
2019-06-05 20:59:38,369 DEBUG Request: {'request': 'report'} from: Jall229
2019-06-05 20:59:39,381 DEBUG Reporting Jall229: status sucess
2019-06-05 21:03:45,319 DEBUG Received broadcast message: test
2019-06-05 21:04:24,758 DEBUG Request: {'request': 'report'} from: Jall229
2019-06-05 21:04:25,950 DEBUG Reporting Jall229: status sucess
2019-06-05 21:04:59,636 DEBUG Request: {'request': 'report'} from: Jall229
2019-06-05 21:05:00,818 DEBUG Reporting Jall229: status sucess
2019-06-05 21:05:34,300 DEBUG Request: {'request': 'report'} from: Jall229
2019-06-05 21:05:35,470 DEBUG Reporting Jall229: status sucess
2019-06-05 21:05:36,860 DEBUG Request: {'request': 'report'} from: None
2019-06-05 21:05:37,939 DEBUG Failed
2019-06-05 21:05:59,646 DEBUG Received broadcast message: test
2019-06-05 21:06:09,274 DEBUG Request: {'request': 'report'} from: Jall229
2019-06-05 21:06:10,348 DEBUG Failed
2019-06-05 21:06:44,334 DEBUG Request: {'request': 'report'} from: None
2019-06-05 21:06:45,146 DEBUG Failed
2019-06-05 21:06:45,729 DEBUG Request: {'request': 'report'} from: Jall229
2019-06-05 21:06:46,849 DEBUG Reporting Jall229: status sucess
2019-06-05 21:07:20,674 DEBUG Request: {'request': 'report'} from: Jall229
2019-06-05 21:07:21,824 DEBUG Reporting Jall229: status sucess
2019-06-05 21:07:31,442 DEBUG Request: {'request': 'report'} from: None
2019-06-05 21:07:32,271 DEBUG Failed
2019-06-05 21:07:54,374 DEBUG Request: {'request': 'report'} from: None
2019-06-05 21:07:55,451 DEBUG Failed
2019-06-05 21:07:55,714 DEBUG Request: {'request': 'report'} from: Jall229
2019-06-05 21:07:56,868 DEBUG Reporting Jall229: status sucess
2019-06-05 21:08:32,273 DEBUG Request: {'request': 'report'} from: Jall229
2019-06-05 21:08:33,444 DEBUG Reporting Jall229: status sucess
2019-06-05 21:09:20,492 DEBUG Request: {'request': 'report'} from: Jall229
2019-06-05 21:09:21,977 DEBUG Reporting Jall229: status sucess
2019-06-05 21:09:48,497 DEBUG Request: {'request': 'report'} from: Jall229
2019-06-05 21:09:50,035 DEBUG Reporting Jall229: status sucess
2019-06-05 21:15:22,434 DEBUG Request: {'request': 'report'} from: Jall229
2019-06-05 21:15:23,758 DEBUG Reporting Jall229: status sucess
2019-06-05 21:17:44,904 DEBUG Request: {'request': 'report'} from: Jall229
2019-06-05 21:17:46,156 DEBUG Reporting Jall229: status sucess
2019-06-05 21:18:19,951 DEBUG Request: {'request': 'report'} from: Jall229
2019-06-05 21:18:20,969 DEBUG Reporting Jall229: status sucess
2019-06-05 21:18:40,657 DEBUG Request: {'request': 'report'} from: None
2019-06-05 21:18:41,491 DEBUG Failed
2019-06-05 21:18:55,792 DEBUG Request: {'request': 'report'} from: Jall229
2019-06-05 21:18:56,684 DEBUG Failed
2019-06-05 21:19:30,917 DEBUG Request: {'request': 'report'} from: Jall229
2019-06-05 21:19:31,795 DEBUG Failed
2019-06-05 21:19:32,646 DEBUG Request: {'request': 'report'} from: Jall229
2019-06-05 21:19:33,679 DEBUG Reporting Jall229: status sucess
2019-06-05 21:20:05,813 DEBUG Request: {'request': 'report'} from: Jall229
2019-06-05 21:20:06,765 DEBUG Failed
2019-06-05 21:20:39,914 DEBUG Request: {'request': 'report'} from: Jall229
2019-06-05 21:20:40,800 DEBUG Failed
2019-06-05 21:21:14,836 DEBUG Request: {'request': 'report'} from: Jall229
2019-06-05 21:21:15,729 DEBUG Failed
2019-06-05 21:22:45,198 DEBUG Request: {'request': 'report'} from: Jall229
2019-06-05 21:22:46,147 DEBUG Failed
2019-06-05 21:22:59,826 DEBUG Request: {'request': 'report'} from: Jall229
2019-06-05 21:23:00,743 DEBUG Failed
2019-06-05 21:33:02,389 DEBUG Request: {'request': 'report'} from: Jall229
2019-06-05 21:33:03,612 DEBUG Reporting Jall229: status sucess
2019-06-05 21:33:31,760 DEBUG Request: {'request': 'report'} from: Jall229
2019-06-05 21:33:32,860 DEBUG Failed
2019-06-05 21:33:39,300 DEBUG Request: {'request': 'report'} from: Jall229
2019-06-05 21:33:40,476 DEBUG Reporting Jall229: status sucess
2019-06-05 21:34:14,320 DEBUG Request: {'request': 'report'} from: Jall229
2019-06-05 21:34:16,417 DEBUG Reporting Jall229: status sucess
2019-06-05 21:34:49,333 DEBUG Request: {'request': 'report'} from: Jall229
2019-06-05 21:34:50,312 DEBUG Reporting Jall229: status sucess
2019-06-05 21:35:24,260 DEBUG Request: {'request': 'report'} from: Jall229
2019-06-05 21:35:25,718 DEBUG Reporting Jall229: status sucess
2019-06-05 21:35:59,300 DEBUG Request: {'request': 'report'} from: Jall229
2019-06-05 21:36:00,378 DEBUG Reporting Jall229: status sucess
2019-06-05 21:36:34,300 DEBUG Request: {'request': 'report'} from: Jall229
2019-06-05 21:36:35,325 DEBUG Reporting Jall229: status sucess
2019-06-05 21:37:09,320 DEBUG Request: {'request': 'report'} from: Jall229
2019-06-05 21:37:10,463 DEBUG Reporting Jall229: status sucess
2019-06-05 21:37:44,342 DEBUG Request: {'request': 'report'} from: Jall229
2019-06-05 21:37:45,322 DEBUG Reporting Jall229: status sucess
2019-06-05 21:38:19,453 DEBUG Request: {'request': 'report'} from: Jall229
2019-06-05 21:38:20,590 DEBUG Reporting Jall229: status sucess
2019-06-05 21:38:54,380 DEBUG Request: {'request': 'report'} from: Jall229
2019-06-05 21:38:55,438 DEBUG Reporting Jall229: status sucess
2019-06-05 21:39:29,300 DEBUG Request: {'request': 'report'} from: Jall229
2019-06-05 21:39:30,322 DEBUG Reporting Jall229: status sucess
2019-06-05 21:40:04,321 DEBUG Request: {'request': 'report'} from: Jall229
2019-06-05 21:40:05,438 DEBUG Reporting Jall229: status sucess
2019-06-05 21:40:39,361 DEBUG Request: {'request': 'report'} from: Jall229
2019-06-05 21:40:40,833 DEBUG Reporting Jall229: status sucess
2019-06-05 21:41:14,481 DEBUG Request: {'request': 'report'} from: Jall229
2019-06-05 21:41:15,474 DEBUG Reporting Jall229: status sucess
2019-06-05 21:41:49,380 DEBUG Request: {'request': 'report'} from: Jall229
2019-06-05 21:41:50,655 DEBUG Reporting Jall229: status sucess
2019-06-05 21:42:24,362 DEBUG Request: {'request': 'report'} from: Jall229
2019-06-05 21:42:25,375 DEBUG Reporting Jall229: status sucess
2019-06-05 21:42:59,438 DEBUG Request: {'request': 'report'} from: Jall229
2019-06-05 21:43:00,770 DEBUG Reporting Jall229: status sucess
2019-06-05 21:43:38,783 DEBUG Request: {'request': 'report'} from: None
2019-06-05 21:43:39,727 DEBUG Failed
2019-06-05 21:43:58,322 DEBUG Request: {'request': 'report'} from: Jall229
2019-06-05 21:43:59,203 DEBUG Failed
2019-06-05 21:44:28,928 DEBUG Request: {'request': 'report'} from: Jall229
2019-06-05 21:44:30,206 DEBUG Reporting Jall229: status sucess
2019-06-05 21:45:03,960 DEBUG Request: {'request': 'report'} from: Jall229
2019-06-05 21:45:05,321 DEBUG Reporting Jall229: status sucess
2019-06-05 21:45:38,960 DEBUG Request: {'request': 'report'} from: Jall229
2019-06-05 21:45:40,334 DEBUG Reporting Jall229: status sucess
2019-06-05 21:46:14,125 DEBUG Request: {'request': 'report'} from: Jall229
2019-06-05 21:46:15,353 DEBUG Reporting Jall229: status sucess
2019-06-05 21:46:49,104 DEBUG Request: {'request': 'report'} from: Jall229
2019-06-05 21:46:50,154 DEBUG Reporting Jall229: status sucess
2019-06-05 21:47:23,941 DEBUG Request: {'request': 'report'} from: Jall229
2019-06-05 21:47:25,051 DEBUG Reporting Jall229: status sucess
2019-06-05 21:47:58,940 DEBUG Request: {'request': 'report'} from: Jall229
2019-06-05 21:48:00,127 DEBUG Reporting Jall229: status sucess
2019-06-05 21:48:33,980 DEBUG Request: {'request': 'report'} from: Jall229
2019-06-05 21:48:34,994 DEBUG Reporting Jall229: status sucess
2019-06-05 21:49:09,000 DEBUG Request: {'request': 'report'} from: Jall229
2019-06-05 21:49:10,170 DEBUG Reporting Jall229: status sucess
2019-06-05 21:49:44,020 DEBUG Request: {'request': 'report'} from: Jall229
2019-06-05 21:49:45,014 DEBUG Reporting Jall229: status sucess
2019-06-05 21:50:18,920 DEBUG Request: {'request': 'report'} from: Jall229
2019-06-05 21:50:19,966 DEBUG Reporting Jall229: status sucess
2019-06-05 21:50:54,060 DEBUG Request: {'request': 'report'} from: Jall229
2019-06-05 21:50:55,508 DEBUG Reporting Jall229: status sucess
2019-06-05 21:51:28,960 DEBUG Request: {'request': 'report'} from: Jall229
2019-06-05 21:51:31,070 DEBUG Reporting Jall229: status sucess
2019-06-05 21:52:03,982 DEBUG Request: {'request': 'report'} from: Jall229
2019-06-05 21:52:04,932 DEBUG Failed
2019-06-05 21:52:37,917 DEBUG Request: {'request': 'report'} from: Jall229
2019-06-05 21:52:38,922 DEBUG Reporting Jall229: status sucess
2019-06-05 21:53:12,999 DEBUG Request: {'request': 'report'} from: Jall229
2019-06-05 21:53:14,152 DEBUG Reporting Jall229: status sucess
2019-06-05 21:53:48,022 DEBUG Request: {'request': 'report'} from: Jall229
2019-06-05 21:53:49,166 DEBUG Reporting Jall229: status sucess
2019-06-05 21:54:22,044 DEBUG Request: {'request': 'report'} from: Jall229
2019-06-05 21:54:23,044 DEBUG Reporting Jall229: status sucess
2019-06-05 21:54:57,073 DEBUG Request: {'request': 'report'} from: Jall229
2019-06-05 21:54:59,162 DEBUG Reporting Jall229: status sucess
2019-06-05 21:55:32,694 DEBUG Request: {'request': 'report'} from: Jall229
2019-06-05 21:55:33,655 DEBUG Reporting Jall229: status sucess
2019-06-05 21:56:07,975 DEBUG Request: {'request': 'report'} from: Jall229
2019-06-05 21:56:09,412 DEBUG Reporting Jall229: status sucess
2019-06-05 21:56:42,934 DEBUG Request: {'request': 'report'} from: Jall229
2019-06-05 21:56:43,887 DEBUG Reporting Jall229: status sucess
2019-06-05 21:57:17,999 DEBUG Request: {'request': 'report'} from: Jall229
2019-06-05 21:57:19,252 DEBUG Reporting Jall229: status sucess
2019-06-05 21:57:53,201 DEBUG Request: {'request': 'report'} from: Jall229
2019-06-05 21:57:54,149 DEBUG Reporting Jall229: status sucess
2019-06-05 21:58:27,994 DEBUG Request: {'request': 'report'} from: Jall229
2019-06-05 21:58:29,603 DEBUG Reporting Jall229: status sucess
2019-06-05 21:59:02,742 DEBUG Request: {'request': 'report'} from: Jall229
2019-06-05 21:59:03,736 DEBUG Reporting Jall229: status sucess
2019-06-05 21:59:38,164 DEBUG Request: {'request': 'report'} from: Jall229
2019-06-05 21:59:39,134 DEBUG Reporting Jall229: status sucess
2019-06-05 22:00:13,077 DEBUG Request: {'request': 'report'} from: Jall229
2019-06-05 22:00:14,075 DEBUG Reporting Jall229: status sucess
2019-06-05 22:00:48,006 DEBUG Request: {'request': 'report'} from: Jall229
2019-06-05 22:00:49,794 DEBUG Reporting Jall229: status sucess
2019-06-05 22:01:23,067 DEBUG Request: {'request': 'report'} from: Jall229
2019-06-05 22:01:24,364 DEBUG Reporting Jall229: status sucess
2019-06-05 22:01:58,006 DEBUG Request: {'request': 'report'} from: Jall229
2019-06-05 22:01:59,176 DEBUG Reporting Jall229: status sucess
2019-06-05 22:02:32,931 DEBUG Request: {'request': 'report'} from: Jall229
2019-06-05 22:02:34,245 DEBUG Reporting Jall229: status sucess
2019-06-05 22:03:07,071 DEBUG Request: {'request': 'report'} from: Jall229
2019-06-05 22:03:08,960 DEBUG Reporting Jall229: status sucess
2019-06-05 22:03:42,192 DEBUG Request: {'request': 'report'} from: Jall229
2019-06-05 22:03:43,056 DEBUG Failed
2019-06-05 22:04:05,459 DEBUG Request: {'request': 'report'} from: jall229
2019-06-05 22:04:06,608 DEBUG Reporting jall229: status sucess
2019-06-05 22:04:40,416 DEBUG Request: {'request': 'report'} from: jall229
2019-06-05 22:04:41,397 DEBUG Reporting jall229: status sucess
2019-06-05 23:22:50,479 DEBUG Request: {'request': 'report'} from: jall229
2019-06-05 23:22:51,697 DEBUG Reporting jall229: status sucess
2019-06-05 23:23:25,482 DEBUG Request: {'request': 'report'} from: jall229
2019-06-05 23:23:26,795 DEBUG Reporting jall229: status sucess
2019-06-05 23:24:00,479 DEBUG Request: {'request': 'report'} from: jall229
2019-06-05 23:24:01,517 DEBUG Reporting jall229: status sucess
2019-06-05 23:24:35,473 DEBUG Request: {'request': 'report'} from: jall229
2019-06-05 23:24:36,632 DEBUG Reporting jall229: status sucess
2019-06-06 00:40:48,601 DEBUG Request: {'request': 'report'} from: jall229
2019-06-06 00:40:50,037 DEBUG Reporting jall229: status sucess
2019-06-06 00:41:23,602 DEBUG Request: {'request': 'report'} from: jall229
2019-06-06 00:41:24,727 DEBUG Reporting jall229: status sucess
2019-06-06 00:41:58,602 DEBUG Request: {'request': 'report'} from: jall229
2019-06-06 00:41:59,731 DEBUG Failed
2019-06-06 00:53:40,735 DEBUG Request: {'request': 'report'} from: jall229
2019-06-06 00:53:45,415 DEBUG Reporting jall229: status sucess
2019-06-06 00:54:15,734 DEBUG Request: {'request': 'report'} from: jall229
2019-06-06 00:54:16,678 DEBUG Reporting jall229: status sucess
2019-06-06 00:54:50,734 DEBUG Request: {'request': 'report'} from: jall229
2019-06-06 00:54:51,732 DEBUG Reporting jall229: status sucess
2019-06-06 00:55:25,734 DEBUG Request: {'request': 'report'} from: jall229
2019-06-06 00:55:26,997 DEBUG Reporting jall229: status sucess
2019-06-06 00:56:00,734 DEBUG Request: {'request': 'report'} from: jall229
2019-06-06 00:56:01,754 DEBUG Reporting jall229: status sucess
2019-06-06 01:01:15,735 DEBUG Request: {'request': 'report'} from: jall229
2019-06-06 01:01:16,774 DEBUG Reporting jall229: status sucess
2019-06-06 01:09:49,015 DEBUG Request: {'request': 'report'} from: jall229
2019-06-06 01:09:50,027 DEBUG Reporting jall229: status sucess
2019-06-06 01:10:24,017 DEBUG Request: {'request': 'report'} from: jall229
2019-06-06 01:10:25,031 DEBUG Reporting jall229: status sucess
2019-06-06 01:10:59,017 DEBUG Request: {'request': 'report'} from: jall229
2019-06-06 01:11:00,479 DEBUG Reporting jall229: status sucess
2019-06-06 01:11:34,017 DEBUG Request: {'request': 'report'} from: jall229
2019-06-06 01:11:34,994 DEBUG Reporting jall229: status sucess
2019-06-06 01:12:09,017 DEBUG Request: {'request': 'report'} from: jall229
2019-06-06 01:12:10,317 DEBUG Reporting jall229: status sucess
2019-06-06 01:12:44,017 DEBUG Request: {'request': 'report'} from: jall229
2019-06-06 01:12:45,211 DEBUG Reporting jall229: status sucess
2019-06-06 01:13:19,017 DEBUG Request: {'request': 'report'} from: jall229
2019-06-06 01:13:20,274 DEBUG Reporting jall229: status sucess
2019-06-06 01:13:54,016 DEBUG Request: {'request': 'report'} from: jall229
2019-06-06 01:13:55,038 DEBUG Reporting jall229: status sucess
2019-06-06 01:14:29,017 DEBUG Request: {'request': 'report'} from: jall229
2019-06-06 01:14:30,023 DEBUG Reporting jall229: status sucess
2019-06-06 01:15:04,016 DEBUG Request: {'request': 'report'} from: jall229
2019-06-06 01:15:05,382 DEBUG Reporting jall229: status sucess
2019-06-06 01:15:39,017 DEBUG Request: {'request': 'report'} from: jall229
2019-06-06 01:15:40,545 DEBUG Reporting jall229: status sucess
2019-06-06 01:16:14,016 DEBUG Request: {'request': 'report'} from: jall229
2019-06-06 01:16:14,972 DEBUG Reporting jall229: status sucess
2019-06-06 01:16:49,017 DEBUG Request: {'request': 'report'} from: jall229
2019-06-06 01:16:50,442 DEBUG Reporting jall229: status sucess
2019-06-06 01:17:24,010 DEBUG Request: {'request': 'report'} from: jall229
2019-06-06 01:17:25,163 DEBUG Reporting jall229: status sucess
2019-06-06 01:17:59,264 DEBUG Request: {'request': 'report'} from: jall229
2019-06-06 01:18:00,257 DEBUG Reporting jall229: status sucess
2019-06-06 01:18:34,263 DEBUG Request: {'request': 'report'} from: jall229
2019-06-06 01:18:35,344 DEBUG Reporting jall229: status sucess
2019-06-06 01:19:09,264 DEBUG Request: {'request': 'report'} from: jall229
2019-06-06 01:19:10,308 DEBUG Reporting jall229: status sucess
2019-06-06 01:19:44,266 DEBUG Request: {'request': 'report'} from: jall229
2019-06-06 01:19:45,257 DEBUG Reporting jall229: status sucess
2019-06-06 01:20:50,444 DEBUG Request: {'request': 'report'} from: jall229
2019-06-06 01:20:51,744 DEBUG Reporting jall229: status sucess
2019-06-06 01:22:47,054 DEBUG Request: {'request': 'report'} from: jall229
2019-06-06 01:22:48,054 DEBUG Reporting jall229: status sucess
2019-06-06 01:23:22,045 DEBUG Request: {'request': 'report'} from: jall229
2019-06-06 01:23:23,071 DEBUG Reporting jall229: status sucess
2019-06-06 01:23:57,051 DEBUG Request: {'request': 'report'} from: jall229
2019-06-06 01:23:59,040 DEBUG Reporting jall229: status sucess
2019-06-06 01:24:32,051 DEBUG Request: {'request': 'report'} from: jall229
2019-06-06 01:24:33,200 DEBUG Reporting jall229: status sucess
2019-06-06 01:26:35,747 DEBUG Request: {'request': 'report'} from: jall229
2019-06-06 01:26:36,896 DEBUG Reporting jall229: status sucess
2019-06-06 01:27:10,745 DEBUG Request: {'request': 'report'} from: jall229
2019-06-06 01:27:12,167 DEBUG Reporting jall229: status sucess
2019-06-06 01:27:45,746 DEBUG Request: {'request': 'report'} from: jall229
2019-06-06 01:27:46,982 DEBUG Reporting jall229: status sucess
2019-06-06 01:28:20,734 DEBUG Request: {'request': 'report'} from: jall229
2019-06-06 01:28:22,208 DEBUG Reporting jall229: status sucess
2019-06-06 01:28:55,734 DEBUG Request: {'request': 'report'} from: jall229
2019-06-06 01:28:56,922 DEBUG Reporting jall229: status sucess
2019-06-06 01:29:30,735 DEBUG Request: {'request': 'report'} from: jall229
2019-06-06 01:29:32,147 DEBUG Reporting jall229: status sucess
2019-06-06 01:30:05,734 DEBUG Request: {'request': 'report'} from: jall229
2019-06-06 01:30:06,805 DEBUG Reporting jall229: status sucess
2019-06-06 01:30:40,731 DEBUG Request: {'request': 'report'} from: jall229
2019-06-06 01:30:41,757 DEBUG Reporting jall229: status sucess
2019-06-06 01:31:15,732 DEBUG Request: {'request': 'report'} from: jall229
2019-06-06 01:31:16,955 DEBUG Reporting jall229: status sucess
2019-06-06 01:31:50,724 DEBUG Request: {'request': 'report'} from: jall229
2019-06-06 01:31:51,821 DEBUG Reporting jall229: status sucess
2019-06-06 01:32:25,733 DEBUG Request: {'request': 'report'} from: jall229
2019-06-06 01:32:27,256 DEBUG Reporting jall229: status sucess
2019-06-06 01:33:00,737 DEBUG Request: {'request': 'report'} from: jall229
2019-06-06 01:33:02,059 DEBUG Reporting jall229: status sucess
2019-06-06 01:33:35,736 DEBUG Request: {'request': 'report'} from: jall229
2019-06-06 01:33:36,989 DEBUG Reporting jall229: status sucess
2019-06-06 02:18:30,729 DEBUG Request: {'request': 'report'} from: jall229
2019-06-06 02:18:31,914 DEBUG Reporting jall229: status sucess
2019-06-06 02:19:05,728 DEBUG Request: {'request': 'report'} from: jall229
2019-06-06 02:19:07,041 DEBUG Reporting jall229: status sucess
2019-06-06 02:19:40,728 DEBUG Request: {'request': 'report'} from: jall229
2019-06-06 02:19:41,711 DEBUG Failed
2019-06-06 02:25:46,907 DEBUG Request: {'request': 'report'} from: jall229
2019-06-06 02:25:48,246 DEBUG Reporting jall229: status sucess
2019-06-06 02:26:38,455 DEBUG Request: {'request': 'report'} from: jall229
2019-06-06 02:26:39,604 DEBUG Reporting jall229: status sucess
2019-06-06 02:27:13,453 DEBUG Request: {'request': 'report'} from: jall229
2019-06-06 02:27:14,631 DEBUG Reporting jall229: status sucess
2019-06-06 02:27:52,912 DEBUG Request: {'request': 'report'} from: jall229
2019-06-06 02:27:54,156 DEBUG Reporting jall229: status sucess
2019-06-06 02:28:27,913 DEBUG Request: {'request': 'report'} from: jall229
2019-06-06 02:28:29,657 DEBUG Reporting jall229: status sucess
2019-06-06 02:29:02,912 DEBUG Request: {'request': 'report'} from: jall229
2019-06-06 02:29:03,927 DEBUG Reporting jall229: status sucess
2019-06-06 02:29:37,913 DEBUG Request: {'request': 'report'} from: jall229
2019-06-06 02:29:39,989 DEBUG Reporting jall229: status sucess
2019-06-06 02:30:12,911 DEBUG Request: {'request': 'report'} from: jall229
2019-06-06 02:30:14,064 DEBUG Failed
2019-06-06 02:35:07,305 DEBUG Request: {'request': 'report'} from: jall229
2019-06-06 02:35:08,274 DEBUG Failed
2019-06-06 02:36:26,998 DEBUG Request: {'request': 'report'} from: jall229
2019-06-06 02:36:28,348 DEBUG Reporting jall229: status sucess
2019-06-06 02:37:02,000 DEBUG Request: {'request': 'report'} from: jall229
2019-06-06 02:37:03,381 DEBUG Reporting jall229: status sucess
2019-06-06 02:37:37,001 DEBUG Request: {'request': 'report'} from: jall229
2019-06-06 02:37:38,942 DEBUG Reporting jall229: status sucess
2019-06-06 02:38:12,000 DEBUG Request: {'request': 'report'} from: jall229
2019-06-06 02:38:13,248 DEBUG Reporting jall229: status sucess
2019-06-06 02:39:16,633 DEBUG Request: {'request': 'report'} from: jall229
2019-06-06 02:39:17,716 DEBUG Reporting jall229: status sucess
2019-06-06 02:39:51,631 DEBUG Request: {'request': 'report'} from: jall229
2019-06-06 02:39:52,822 DEBUG Reporting jall229: status sucess
2019-06-06 02:41:45,106 DEBUG Request: {'request': 'report'} from: jall229
2019-06-06 02:41:46,303 DEBUG Reporting jall229: status sucess
2019-06-06 02:42:20,103 DEBUG Request: {'request': 'report'} from: jall229
2019-06-06 02:42:21,370 DEBUG Reporting jall229: status sucess
2019-06-06 02:42:55,103 DEBUG Request: {'request': 'report'} from: jall229
2019-06-06 02:42:56,605 DEBUG Reporting jall229: status sucess
