2019-06-04 22:41:50,547 INFO Received broadcast from jall229
2019-06-04 22:42:26,379 INFO Received broadcast from jall229
2019-06-04 22:47:26,719 INFO Received broadcast from jall229
2019-06-04 22:48:08,087 INFO Received broadcast from jall229
2019-06-05 18:20:59,012 INFO Reporting None with api_key None and keys: None
2019-06-05 18:21:09,114 INFO Reporting None with api_key None and keys: None
2019-06-05 18:22:35,485 INFO Reporting jall229 with api_key bOAHwGtlQlFHn7lqVUZp and keys: {'private_key': <nacl.signing.SigningKey object at 0x7eff0c529588>, 'public_hex_bytes': b'fe3583f2e2777bda21d628bd9862a5f103414ace1cd6cbf4306d90d34bf3a1ba', 'private_key_hex_string': '210dd82e0b535b7251ba1ababee90fc20a797e7d8d7c64dea8373e11f916fdbc', 'public_key_hex_string': 'fe3583f2e2777bda21d628bd9862a5f103414ace1cd6cbf4306d90d34bf3a1ba'}
2019-06-05 18:22:45,572 INFO Reporting jall229 with api_key bOAHwGtlQlFHn7lqVUZp and keys: {'private_key': <nacl.signing.SigningKey object at 0x7eff0c5292b0>, 'public_hex_bytes': b'fe3583f2e2777bda21d628bd9862a5f103414ace1cd6cbf4306d90d34bf3a1ba', 'private_key_hex_string': '210dd82e0b535b7251ba1ababee90fc20a797e7d8d7c64dea8373e11f916fdbc', 'public_key_hex_string': 'fe3583f2e2777bda21d628bd9862a5f103414ace1cd6cbf4306d90d34bf3a1ba'}
2019-06-05 18:22:47,424 INFO Received broadcast from bwil410: Test to all soz
2019-06-05 18:22:55,403 INFO Reporting jall229 with api_key bOAHwGtlQlFHn7lqVUZp and keys: {'private_key': <nacl.signing.SigningKey object at 0x7eff1059d748>, 'public_hex_bytes': b'fe3583f2e2777bda21d628bd9862a5f103414ace1cd6cbf4306d90d34bf3a1ba', 'private_key_hex_string': '210dd82e0b535b7251ba1ababee90fc20a797e7d8d7c64dea8373e11f916fdbc', 'public_key_hex_string': 'fe3583f2e2777bda21d628bd9862a5f103414ace1cd6cbf4306d90d34bf3a1ba'}
2019-06-05 18:23:05,744 INFO Reporting jall229 with api_key bOAHwGtlQlFHn7lqVUZp and keys: {'private_key': <nacl.signing.SigningKey object at 0x7eff1059d748>, 'public_hex_bytes': b'fe3583f2e2777bda21d628bd9862a5f103414ace1cd6cbf4306d90d34bf3a1ba', 'private_key_hex_string': '210dd82e0b535b7251ba1ababee90fc20a797e7d8d7c64dea8373e11f916fdbc', 'public_key_hex_string': 'fe3583f2e2777bda21d628bd9862a5f103414ace1cd6cbf4306d90d34bf3a1ba'}
2019-06-05 18:46:26,762 INFO Received broadcast from bwil410: Test to all soz
2019-06-05 18:50:42,687 INFO Received broadcast from tgre605: test2
2019-06-05 18:52:01,793 INFO Received broadcast from tzha384: testestsetestest:guess who just spent two days on js
2019-06-05 18:53:58,154 INFO Received broadcast from tgre605: hi josiah
2019-06-05 19:21:59,322 INFO Received broadcast from sdup751: test
2019-06-05 19:29:26,190 INFO Received broadcast from tgre605: test
2019-06-05 19:32:05,508 INFO Received broadcast from bwil410: Test to all
2019-06-05 20:43:36,090 INFO Received broadcast from tzha384: Test Robustness Again 
from TZ
2019-06-05 20:43:47,248 INFO Received broadcast from tden328: test
2019-06-05 20:44:04,953 INFO Received broadcast from tzha384: 
2019-06-05 20:49:42,882 INFO Received broadcast from jbea599: test
2019-06-05 21:03:45,319 INFO Received broadcast from sdup751: test
2019-06-05 21:05:59,646 INFO Received broadcast from sdup751: test
2019-06-06 02:56:01,175 INFO Received broadcast from jall229: Hows 313 going?
2019-06-06 02:58:07,569 INFO Received broadcast from jall229: Hows 313 going?
2019-06-06 02:59:45,878 INFO Received broadcast from jall229: Hows 313 going?
2019-06-06 03:10:30,407 INFO Received broadcast from jall229: Hows 313 going?
2019-06-06 03:17:31,990 INFO Received broadcast from jall229: Hows 313 going?
2019-06-06 03:23:00,754 INFO Received broadcast from jall229: Hows 313 going?
2019-06-06 03:24:48,018 INFO Received broadcast from jall229: Hows 313 going?
2019-06-06 03:26:35,034 INFO Received broadcast from jall229: Hows 313 going?
2019-06-06 03:28:15,425 INFO Received broadcast from jall229: Hows 313 going?
2019-06-06 03:34:28,489 INFO Received broadcast from jall229: Hows 313 going?
2019-06-06 03:35:16,438 INFO Received broadcast from jall229: Hows 313 going?
2019-06-06 03:38:05,297 INFO Received broadcast from jall229: Hows 313 going?
2019-06-06 03:39:26,197 INFO Received broadcast from jall229: Hows 313 going?
2019-06-06 03:41:40,856 INFO Received broadcast from jall229: Hows 313 going?
2019-06-06 03:42:37,677 INFO Received broadcast from jall229: Hows 313 going?
2019-06-06 03:47:57,677 INFO Received broadcast from jall229: Hows 313 going?
2019-06-06 03:49:17,339 INFO Received broadcast from jall229: Hows 313 going?
2019-06-06 03:50:16,620 INFO Received broadcast from jall229: Hows 313 going?
2019-06-06 03:50:59,027 INFO Received broadcast from jall229: Hows 313 going?
2019-06-06 03:51:54,416 INFO Received broadcast from jall229: Hows 313 going?
2019-06-06 03:53:13,675 INFO Received broadcast from jall229: Hows 313 going?
2019-06-06 03:55:46,961 INFO Received broadcast from dmav894: ji
2019-06-06 03:57:47,887 INFO Received broadcast from dmav894: j
2019-06-06 20:31:08,045 INFO Received broadcast from mbre263: !Meta:favourite_broadcast:[f27a0a730cc7289a2f05ed3b2fbee7089975fb980cc51afa58b5e04d6ba6054be9a50f1d0915e1ddb3054077acc99658ae53ea341a7eadbab275021be434360a]
2019-06-06 20:31:09,969 INFO Received broadcast from mbre263: !Meta:favourite_broadcast:[f27a0a730cc7289a2f05ed3b2fbee7089975fb980cc51afa58b5e04d6ba6054be9a50f1d0915e1ddb3054077acc99658ae53ea341a7eadbab275021be434360a]
2019-06-06 20:31:14,373 INFO Received broadcast from mbre263: !Meta:favourite_broadcast:[f27a0a730cc7289a2f05ed3b2fbee7089975fb980cc51afa58b5e04d6ba6054be9a50f1d0915e1ddb3054077acc99658ae53ea341a7eadbab275021be434360a]
2019-06-06 20:31:15,003 INFO Received broadcast from mbre263: !Meta:favourite_broadcast:[f27a0a730cc7289a2f05ed3b2fbee7089975fb980cc51afa58b5e04d6ba6054be9a50f1d0915e1ddb3054077acc99658ae53ea341a7eadbab275021be434360a]
2019-06-06 20:31:15,082 INFO Received broadcast from mbre263: !Meta:favourite_broadcast:[f27a0a730cc7289a2f05ed3b2fbee7089975fb980cc51afa58b5e04d6ba6054be9a50f1d0915e1ddb3054077acc99658ae53ea341a7eadbab275021be434360a]
2019-06-06 20:31:15,499 INFO Received broadcast from mbre263: !Meta:favourite_broadcast:[f27a0a730cc7289a2f05ed3b2fbee7089975fb980cc51afa58b5e04d6ba6054be9a50f1d0915e1ddb3054077acc99658ae53ea341a7eadbab275021be434360a]
2019-06-06 20:31:21,546 INFO Received broadcast from mbre263: !Meta:favourite_broadcast:[f27a0a730cc7289a2f05ed3b2fbee7089975fb980cc51afa58b5e04d6ba6054be9a50f1d0915e1ddb3054077acc99658ae53ea341a7eadbab275021be434360a]
2019-06-06 20:31:22,568 INFO Received broadcast from mbre263: !Meta:favourite_broadcast:[605022c173713367b56bf1ca91886b877df1295741484e2c827fc5c083f34c0877afa39e8e02b75e277466ad17612112e1eaeb8f81745da776dfb309c61ec607]
2019-06-06 20:31:23,691 INFO Received broadcast from mbre263: !Meta:favourite_broadcast:[f27a0a730cc7289a2f05ed3b2fbee7089975fb980cc51afa58b5e04d6ba6054be9a50f1d0915e1ddb3054077acc99658ae53ea341a7eadbab275021be434360a]
2019-06-06 20:32:30,465 INFO Received broadcast from mbre263: make
2019-06-06 20:32:32,037 INFO Received broadcast from mbre263: !Meta:favourite_broadcast:[8708f0951fd189c5265bd642511900a7813679cdb4fa088b969fefe76bc20e4c3ee2250bc19ea4072692822565ddafc02136392bd90eed9427e9ee190b692f04]
2019-06-06 20:32:33,355 INFO Received broadcast from mbre263: !Meta:favourite_broadcast:[f27a0a730cc7289a2f05ed3b2fbee7089975fb980cc51afa58b5e04d6ba6054be9a50f1d0915e1ddb3054077acc99658ae53ea341a7eadbab275021be434360a]
2019-06-06 20:32:33,955 INFO Received broadcast from mbre263: !Meta:favourite_broadcast:[8708f0951fd189c5265bd642511900a7813679cdb4fa088b969fefe76bc20e4c3ee2250bc19ea4072692822565ddafc02136392bd90eed9427e9ee190b692f04]
2019-06-06 20:33:43,163 INFO Received broadcast from mbre263: !Meta:favourite_broadcast:[8708f0951fd189c5265bd642511900a7813679cdb4fa088b969fefe76bc20e4c3ee2250bc19ea4072692822565ddafc02136392bd90eed9427e9ee190b692f04]
2019-06-06 20:33:43,883 INFO Received broadcast from mbre263: !Meta:favourite_broadcast:[f27a0a730cc7289a2f05ed3b2fbee7089975fb980cc51afa58b5e04d6ba6054be9a50f1d0915e1ddb3054077acc99658ae53ea341a7eadbab275021be434360a]
2019-06-06 20:34:42,865 INFO Received broadcast from mbre263: !Meta:favourite_broadcast:[8708f0951fd189c5265bd642511900a7813679cdb4fa088b969fefe76bc20e4c3ee2250bc19ea4072692822565ddafc02136392bd90eed9427e9ee190b692f04]
2019-06-06 20:34:43,785 INFO Received broadcast from mbre263: !Meta:favourite_broadcast:[f27a0a730cc7289a2f05ed3b2fbee7089975fb980cc51afa58b5e04d6ba6054be9a50f1d0915e1ddb3054077acc99658ae53ea341a7eadbab275021be434360a]
2019-06-06 20:34:50,412 INFO Received broadcast from mbre263: m
2019-06-06 20:34:53,103 INFO Received broadcast from mbre263: !Meta:favourite_broadcast:[5b72acaaa3fd64ae68d2848b7c2e9ee3cbfd4082607f8ef12abd661df5a5811e2155983c1cb09eb54eea02418399095bdae1bd0fadbb82f5967169e03e658d08]
2019-06-06 20:35:20,752 INFO Received broadcast from mbre263: test
2019-06-06 20:35:30,071 INFO Received broadcast from mbre263: !Meta:favourite_broadcast:[068c01ba0d74356a47d9ac7ffdb6795366b7c308150cf8b7db549d03f5d48afd21b8780f6728438bc3030993506210c720da3191c83f159906a9a1e7d68a230e]
2019-06-06 20:36:55,269 INFO Received broadcast from mbre263: !Meta:favourite_broadcast:[5f8980456736166e684e349030fa6eab1785f4549acd4ad94c4719ddaf5db332bb596a818fc42050f1341401c7f1060b8b187b9abdfb924304543c31386f2d08]
2019-06-06 20:36:56,656 INFO Received broadcast from mbre263: !Meta:favourite_broadcast:[5f8980456736166e684e349030fa6eab1785f4549acd4ad94c4719ddaf5db332bb596a818fc42050f1341401c7f1060b8b187b9abdfb924304543c31386f2d08]
2019-06-06 20:36:56,928 INFO Received broadcast from mbre263: !Meta:favourite_broadcast:[5f8980456736166e684e349030fa6eab1785f4549acd4ad94c4719ddaf5db332bb596a818fc42050f1341401c7f1060b8b187b9abdfb924304543c31386f2d08]
2019-06-06 20:36:57,829 INFO Received broadcast from mbre263: !Meta:favourite_broadcast:[5f8980456736166e684e349030fa6eab1785f4549acd4ad94c4719ddaf5db332bb596a818fc42050f1341401c7f1060b8b187b9abdfb924304543c31386f2d08]
2019-06-06 20:37:12,985 INFO Received broadcast from lche982: pub broadcast
2019-06-06 20:38:28,966 INFO Received broadcast from mbre263: !Meta:favourite_broadcast:[5f8980456736166e684e349030fa6eab1785f4549acd4ad94c4719ddaf5db332bb596a818fc42050f1341401c7f1060b8b187b9abdfb924304543c31386f2d08]
2019-06-06 20:38:30,398 INFO Received broadcast from mbre263: !Meta:favourite_broadcast:[5f8980456736166e684e349030fa6eab1785f4549acd4ad94c4719ddaf5db332bb596a818fc42050f1341401c7f1060b8b187b9abdfb924304543c31386f2d08]
2019-06-06 20:38:31,118 INFO Received broadcast from mbre263: !Meta:favourite_broadcast:[5f8980456736166e684e349030fa6eab1785f4549acd4ad94c4719ddaf5db332bb596a818fc42050f1341401c7f1060b8b187b9abdfb924304543c31386f2d08]
2019-06-06 20:38:31,284 INFO Received broadcast from mbre263: !Meta:favourite_broadcast:[5f8980456736166e684e349030fa6eab1785f4549acd4ad94c4719ddaf5db332bb596a818fc42050f1341401c7f1060b8b187b9abdfb924304543c31386f2d08]
2019-06-06 20:38:39,314 INFO Received broadcast from mbre263: !Meta:favourite_broadcast:[5b72acaaa3fd64ae68d2848b7c2e9ee3cbfd4082607f8ef12abd661df5a5811e2155983c1cb09eb54eea02418399095bdae1bd0fadbb82f5967169e03e658d08]
2019-06-06 20:38:40,433 INFO Received broadcast from mbre263: !Meta:favourite_broadcast:[8708f0951fd189c5265bd642511900a7813679cdb4fa088b969fefe76bc20e4c3ee2250bc19ea4072692822565ddafc02136392bd90eed9427e9ee190b692f04]
2019-06-06 20:38:56,716 INFO Received broadcast from mbre263: again
2019-06-06 20:39:02,656 INFO Received broadcast from mbre263: !Meta:favourite_broadcast:[715f66c150cdefcf6e15e76ded3f4f6f2c618873ffcbd1ee5b57e890d14ec23bd5a5809a7e7028f7391d5a7e3c9f360eb5cadb1b01c76f83b345b2765a19f505]
2019-06-06 20:50:37,968 INFO Received broadcast from tgre605: second test
