2019-06-04 22:41:50,546 INFO Credentials left in broadcast header: jall229:jacoballen4534_205023320
2019-06-05 18:22:47,423 INFO Credentials left in broadcast header: bwil410:Bwil410_251145353
2019-06-05 18:46:26,761 INFO Credentials left in broadcast header: bwil410:Bwil410_251145353
2019-06-05 18:50:42,686 INFO Api_key left in broadcast header: JeZlonAkKRBrQcajAi6b
2019-06-05 18:50:42,686 INFO x-username left in broadcast header: tgre605
2019-06-05 18:52:01,792 INFO Credentials left in broadcast header: tzha384:Timothy44908244_795304930
2019-06-05 18:53:58,153 INFO Api_key left in broadcast header: MZQAvRJUUesgRvXt02sH
2019-06-05 18:53:58,154 INFO x-username left in broadcast header: tgre605
2019-06-05 19:21:59,322 INFO Api_key left in broadcast header: yLSjNe2JEyMHVPh5l7VK
2019-06-05 19:21:59,322 INFO x-username left in broadcast header: sdup751
2019-06-05 19:29:26,189 INFO Api_key left in broadcast header: 5xBa9FB3z6zJN9MH8H6I
2019-06-05 19:29:26,189 INFO x-username left in broadcast header: tgre605
2019-06-05 19:32:05,507 INFO Credentials left in broadcast header: bwil410:Bwil410_251145353
2019-06-05 20:43:36,088 INFO Credentials left in broadcast header: tzha384:Timothy44908244_795304930
2019-06-05 20:43:47,247 INFO Api_key left in broadcast header: V91PW7DAGSa47sUCmhL1
2019-06-05 20:43:47,247 INFO x-username left in broadcast header: tden328
2019-06-05 20:44:04,952 INFO Credentials left in broadcast header: tzha384:Timothy44908244_795304930
2019-06-05 20:49:42,881 INFO Api_key left in broadcast header: GnBDeESwUT4u8VmKKABl
2019-06-05 20:49:42,881 INFO x-username left in broadcast header: jbea599
2019-06-05 21:03:45,318 INFO Api_key left in broadcast header: OnVdrwVFckRKClxW5geV
2019-06-05 21:03:45,319 INFO x-username left in broadcast header: sdup751
2019-06-05 21:05:59,644 INFO Api_key left in broadcast header: OnVdrwVFckRKClxW5geV
2019-06-05 21:05:59,645 INFO x-username left in broadcast header: sdup751
2019-06-06 03:55:46,961 INFO Credentials left in broadcast header: dmav894:dmac894_580276000
2019-06-06 03:57:47,886 INFO Credentials left in broadcast header: dmav894:dmac894_580276000
2019-06-06 20:31:08,044 INFO Api_key left in broadcast header: UNr4rzUZR32VIU4DhWea
2019-06-06 20:31:08,045 INFO x-username left in broadcast header: mbre263
2019-06-06 20:31:09,969 INFO Api_key left in broadcast header: UNr4rzUZR32VIU4DhWea
2019-06-06 20:31:09,969 INFO x-username left in broadcast header: mbre263
2019-06-06 20:31:14,373 INFO Api_key left in broadcast header: UNr4rzUZR32VIU4DhWea
2019-06-06 20:31:14,373 INFO x-username left in broadcast header: mbre263
2019-06-06 20:31:15,002 INFO Api_key left in broadcast header: UNr4rzUZR32VIU4DhWea
2019-06-06 20:31:15,003 INFO x-username left in broadcast header: mbre263
2019-06-06 20:31:15,081 INFO Api_key left in broadcast header: UNr4rzUZR32VIU4DhWea
2019-06-06 20:31:15,081 INFO x-username left in broadcast header: mbre263
2019-06-06 20:31:15,499 INFO Api_key left in broadcast header: UNr4rzUZR32VIU4DhWea
2019-06-06 20:31:15,499 INFO x-username left in broadcast header: mbre263
2019-06-06 20:31:21,545 INFO Api_key left in broadcast header: UNr4rzUZR32VIU4DhWea
2019-06-06 20:31:21,546 INFO x-username left in broadcast header: mbre263
2019-06-06 20:31:22,567 INFO Api_key left in broadcast header: UNr4rzUZR32VIU4DhWea
2019-06-06 20:31:22,567 INFO x-username left in broadcast header: mbre263
2019-06-06 20:31:23,691 INFO Api_key left in broadcast header: UNr4rzUZR32VIU4DhWea
2019-06-06 20:31:23,691 INFO x-username left in broadcast header: mbre263
2019-06-06 20:32:30,464 INFO Api_key left in broadcast header: UNr4rzUZR32VIU4DhWea
2019-06-06 20:32:30,464 INFO x-username left in broadcast header: mbre263
2019-06-06 20:32:32,036 INFO Api_key left in broadcast header: UNr4rzUZR32VIU4DhWea
2019-06-06 20:32:32,037 INFO x-username left in broadcast header: mbre263
2019-06-06 20:32:33,355 INFO Api_key left in broadcast header: UNr4rzUZR32VIU4DhWea
2019-06-06 20:32:33,355 INFO x-username left in broadcast header: mbre263
2019-06-06 20:32:33,955 INFO Api_key left in broadcast header: UNr4rzUZR32VIU4DhWea
2019-06-06 20:32:33,955 INFO x-username left in broadcast header: mbre263
2019-06-06 20:33:43,163 INFO Api_key left in broadcast header: UNr4rzUZR32VIU4DhWea
2019-06-06 20:33:43,163 INFO x-username left in broadcast header: mbre263
2019-06-06 20:33:43,882 INFO Api_key left in broadcast header: UNr4rzUZR32VIU4DhWea
2019-06-06 20:33:43,883 INFO x-username left in broadcast header: mbre263
2019-06-06 20:34:42,864 INFO Api_key left in broadcast header: UNr4rzUZR32VIU4DhWea
2019-06-06 20:34:42,864 INFO x-username left in broadcast header: mbre263
2019-06-06 20:34:43,785 INFO Api_key left in broadcast header: UNr4rzUZR32VIU4DhWea
2019-06-06 20:34:43,785 INFO x-username left in broadcast header: mbre263
2019-06-06 20:34:50,412 INFO Api_key left in broadcast header: UNr4rzUZR32VIU4DhWea
2019-06-06 20:34:50,412 INFO x-username left in broadcast header: mbre263
2019-06-06 20:34:53,102 INFO Api_key left in broadcast header: UNr4rzUZR32VIU4DhWea
2019-06-06 20:34:53,103 INFO x-username left in broadcast header: mbre263
2019-06-06 20:35:20,751 INFO Api_key left in broadcast header: UNr4rzUZR32VIU4DhWea
2019-06-06 20:35:20,751 INFO x-username left in broadcast header: mbre263
2019-06-06 20:35:30,070 INFO Api_key left in broadcast header: UNr4rzUZR32VIU4DhWea
2019-06-06 20:35:30,071 INFO x-username left in broadcast header: mbre263
2019-06-06 20:36:55,268 INFO Api_key left in broadcast header: YMvrxql1GUeOFDLphZR7
2019-06-06 20:36:55,269 INFO x-username left in broadcast header: mbre263
2019-06-06 20:36:56,656 INFO Api_key left in broadcast header: YMvrxql1GUeOFDLphZR7
2019-06-06 20:36:56,656 INFO x-username left in broadcast header: mbre263
2019-06-06 20:36:56,927 INFO Api_key left in broadcast header: YMvrxql1GUeOFDLphZR7
2019-06-06 20:36:56,927 INFO x-username left in broadcast header: mbre263
2019-06-06 20:36:57,829 INFO Api_key left in broadcast header: YMvrxql1GUeOFDLphZR7
2019-06-06 20:36:57,829 INFO x-username left in broadcast header: mbre263
2019-06-06 20:37:12,985 INFO Api_key left in broadcast header: 2oyFSmlhK4JCrwg9cRXQ
2019-06-06 20:37:12,985 INFO x-username left in broadcast header: lche982
2019-06-06 20:38:28,965 INFO Api_key left in broadcast header: 434CJvqAdg1e9MC0qQKB
2019-06-06 20:38:28,965 INFO x-username left in broadcast header: mbre263
2019-06-06 20:38:30,398 INFO Api_key left in broadcast header: 434CJvqAdg1e9MC0qQKB
2019-06-06 20:38:30,398 INFO x-username left in broadcast header: mbre263
2019-06-06 20:38:31,117 INFO Api_key left in broadcast header: 434CJvqAdg1e9MC0qQKB
2019-06-06 20:38:31,117 INFO x-username left in broadcast header: mbre263
2019-06-06 20:38:31,283 INFO Api_key left in broadcast header: 434CJvqAdg1e9MC0qQKB
2019-06-06 20:38:31,283 INFO x-username left in broadcast header: mbre263
2019-06-06 20:38:39,313 INFO Api_key left in broadcast header: 434CJvqAdg1e9MC0qQKB
2019-06-06 20:38:39,313 INFO x-username left in broadcast header: mbre263
2019-06-06 20:38:40,433 INFO Api_key left in broadcast header: 434CJvqAdg1e9MC0qQKB
2019-06-06 20:38:40,433 INFO x-username left in broadcast header: mbre263
2019-06-06 20:38:56,715 INFO Api_key left in broadcast header: 434CJvqAdg1e9MC0qQKB
2019-06-06 20:38:56,715 INFO x-username left in broadcast header: mbre263
2019-06-06 20:39:02,655 INFO Api_key left in broadcast header: 434CJvqAdg1e9MC0qQKB
2019-06-06 20:39:02,655 INFO x-username left in broadcast header: mbre263
2019-06-06 20:50:37,968 INFO Api_key left in broadcast header: nzWAzq5lX7pwF2KtQSBA
2019-06-06 20:50:37,968 INFO x-username left in broadcast header: tgre605
2019-06-06 22:51:07,701 INFO Api_key left in broadcast header: bJMJWtuK7nTPWDur8oSV
2019-06-06 22:51:07,702 INFO x-username left in broadcast header: mbre263
2019-06-06 22:58:04,838 INFO Api_key left in broadcast header: xsMuT6O9SFdhyNHxTkOn
2019-06-06 22:58:04,838 INFO x-username left in broadcast header: mbre263
2019-06-06 22:58:07,642 INFO Api_key left in broadcast header: xsMuT6O9SFdhyNHxTkOn
2019-06-06 22:58:07,642 INFO x-username left in broadcast header: mbre263
2019-06-06 22:58:10,592 INFO Api_key left in broadcast header: xsMuT6O9SFdhyNHxTkOn
2019-06-06 22:58:10,592 INFO x-username left in broadcast header: mbre263
2019-06-06 22:58:16,826 INFO Api_key left in broadcast header: xsMuT6O9SFdhyNHxTkOn
2019-06-06 22:58:16,827 INFO x-username left in broadcast header: mbre263
2019-06-06 22:58:57,744 INFO Api_key left in broadcast header: xsMuT6O9SFdhyNHxTkOn
2019-06-06 22:58:57,745 INFO x-username left in broadcast header: mbre263
2019-06-06 22:59:05,862 INFO Api_key left in broadcast header: xsMuT6O9SFdhyNHxTkOn
2019-06-06 22:59:05,862 INFO x-username left in broadcast header: mbre263
2019-06-06 23:03:13,920 INFO Api_key left in broadcast header: uqtkhkalci6I8eB610Ec
2019-06-06 23:03:13,922 INFO x-username left in broadcast header: mbre263
2019-06-06 23:03:32,849 INFO Api_key left in broadcast header: uqtkhkalci6I8eB610Ec
2019-06-06 23:03:32,850 INFO x-username left in broadcast header: mbre263
2019-06-06 23:29:57,588 INFO Api_key left in broadcast header: 2CTfmLcDMgOCUvOQEU3B
2019-06-06 23:29:57,590 INFO x-username left in broadcast header: mbre263
2019-06-06 23:30:14,519 INFO Api_key left in broadcast header: 2CTfmLcDMgOCUvOQEU3B
2019-06-06 23:30:14,521 INFO x-username left in broadcast header: mbre263
2019-06-06 23:31:22,189 INFO Api_key left in broadcast header: mzPvx3CrDVLRzHi3aK6q
2019-06-06 23:31:22,189 INFO x-username left in broadcast header: mbre263
2019-06-06 23:31:34,469 INFO Api_key left in broadcast header: mzPvx3CrDVLRzHi3aK6q
2019-06-06 23:31:34,469 INFO x-username left in broadcast header: mbre263
2019-06-06 23:31:48,495 INFO Api_key left in broadcast header: mzPvx3CrDVLRzHi3aK6q
2019-06-06 23:31:48,495 INFO x-username left in broadcast header: mbre263
2019-06-06 23:31:50,656 INFO Api_key left in broadcast header: mzPvx3CrDVLRzHi3aK6q
2019-06-06 23:31:50,656 INFO x-username left in broadcast header: mbre263
2019-06-06 23:31:56,300 INFO Api_key left in broadcast header: mzPvx3CrDVLRzHi3aK6q
2019-06-06 23:31:56,300 INFO x-username left in broadcast header: mbre263
2019-06-06 23:31:58,029 INFO Api_key left in broadcast header: mzPvx3CrDVLRzHi3aK6q
2019-06-06 23:31:58,030 INFO x-username left in broadcast header: mbre263
2019-06-06 23:31:59,155 INFO Api_key left in broadcast header: mzPvx3CrDVLRzHi3aK6q
2019-06-06 23:31:59,155 INFO x-username left in broadcast header: mbre263
2019-06-06 23:39:04,739 INFO Api_key left in broadcast header: iMz9A0BW0ud8UOprIuW8
2019-06-06 23:39:04,741 INFO x-username left in broadcast header: mbre263
2019-06-06 23:39:16,609 INFO Api_key left in broadcast header: iMz9A0BW0ud8UOprIuW8
2019-06-06 23:39:16,611 INFO x-username left in broadcast header: mbre263
2019-06-06 23:39:24,701 INFO Api_key left in broadcast header: iMz9A0BW0ud8UOprIuW8
2019-06-06 23:39:24,703 INFO x-username left in broadcast header: mbre263
2019-06-07 00:00:31,483 INFO Api_key left in broadcast header: w8zqlAzRmswR6593xaYZ
2019-06-07 00:00:31,484 INFO x-username left in broadcast header: mbre263
2019-06-07 00:01:31,489 INFO Api_key left in broadcast header: w8zqlAzRmswR6593xaYZ
2019-06-07 00:01:31,489 INFO x-username left in broadcast header: mbre263
2019-06-07 00:14:53,592 INFO Api_key left in broadcast header: ZP8fYzqBLVzkLLcF1G2U
2019-06-07 00:14:53,592 INFO x-username left in broadcast header: mbre263
2019-06-07 00:17:54,810 INFO Api_key left in broadcast header: 0ED7f5zCGBeYVhAkxDQs
2019-06-07 00:17:54,810 INFO x-username left in broadcast header: mbre263
2019-06-07 00:20:26,504 INFO Api_key left in broadcast header: vvsl4HvJwWw2iO7pnqsh
2019-06-07 00:20:26,504 INFO x-username left in broadcast header: mbre263
2019-06-07 00:21:16,788 INFO Api_key left in broadcast header: vvsl4HvJwWw2iO7pnqsh
2019-06-07 00:21:16,789 INFO x-username left in broadcast header: mbre263
2019-06-07 00:25:28,898 INFO Api_key left in broadcast header: 0UwIjp4iuxG8wReqDmdF
2019-06-07 00:25:28,898 INFO x-username left in broadcast header: mbre263
2019-06-07 00:25:52,961 INFO Api_key left in broadcast header: 0UwIjp4iuxG8wReqDmdF
2019-06-07 00:25:52,962 INFO x-username left in broadcast header: mbre263
2019-06-07 00:25:59,210 INFO Api_key left in broadcast header: 0UwIjp4iuxG8wReqDmdF
2019-06-07 00:25:59,211 INFO x-username left in broadcast header: mbre263
2019-06-07 00:26:02,382 INFO Api_key left in broadcast header: 0UwIjp4iuxG8wReqDmdF
2019-06-07 00:26:02,382 INFO x-username left in broadcast header: mbre263
2019-06-07 00:26:11,294 INFO Api_key left in broadcast header: 0UwIjp4iuxG8wReqDmdF
2019-06-07 00:26:11,294 INFO x-username left in broadcast header: mbre263
2019-06-07 00:26:14,982 INFO Api_key left in broadcast header: 0UwIjp4iuxG8wReqDmdF
2019-06-07 00:26:14,982 INFO x-username left in broadcast header: mbre263
2019-06-07 00:26:17,962 INFO Api_key left in broadcast header: 0UwIjp4iuxG8wReqDmdF
2019-06-07 00:26:17,962 INFO x-username left in broadcast header: mbre263
2019-06-07 00:26:20,406 INFO Api_key left in broadcast header: 0UwIjp4iuxG8wReqDmdF
2019-06-07 00:26:20,406 INFO x-username left in broadcast header: mbre263
2019-06-07 02:17:41,859 INFO Credentials left in broadcast header: hwan685:hwan685_560043700
2019-06-07 02:21:45,364 INFO Credentials left in broadcast header: hwan685:hwan685_560043700
